2025-04-28 23:03:55,119 - INFO - aiogram.dispatcher - Start polling
2025-04-28 23:03:55,442 - INFO - aiogram.dispatcher - Run polling for bot @IbratMasterclassBot id=8119396922 - 'IbratMasterClassBot'
2025-04-28 23:04:19,639 - INFO - aiogram.event - Update id=958074531 is handled. Duration 328 ms by bot id=8119396922
2025-04-28 23:04:24,830 - INFO - aiogram.event - Update id=958074532 is handled. Duration 202 ms by bot id=8119396922
2025-04-28 23:04:26,990 - INFO - aiogram.event - Update id=958074533 is handled. Duration 139 ms by bot id=8119396922
2025-04-28 23:04:30,578 - INFO - aiogram.event - Update id=958074534 is handled. Duration 186 ms by bot id=8119396922
2025-04-28 23:04:31,937 - INFO - aiogram.event - Update id=958074535 is handled. Duration 171 ms by bot id=8119396922
2025-04-28 23:04:33,895 - INFO - aiogram.event - Update id=958074536 is handled. Duration 514 ms by bot id=8119396922
2025-04-28 23:04:57,472 - INFO - aiogram.dispatcher - Polling stopped
2025-04-28 23:04:57,727 - INFO - aiogram.dispatcher - Polling stopped for bot @IbratMasterclassBot id=8119396922 - 'IbratMasterClassBot'
2025-04-29 18:39:43,904 - INFO - aiogram.dispatcher - Start polling
2025-04-29 18:39:44,302 - INFO - aiogram.dispatcher - Run polling for bot @IbratMasterclassBot id=8119396922 - 'Ibrat MasterClass'
2025-04-29 18:39:44,764 - INFO - aiogram.event - Update id=958074537 is handled. Duration 343 ms by bot id=8119396922
2025-04-29 18:39:44,765 - INFO - aiogram.event - Update id=958074538 is handled. Duration 343 ms by bot id=8119396922
2025-04-29 18:39:44,767 - INFO - aiogram.event - Update id=958074539 is handled. Duration 343 ms by bot id=8119396922
2025-04-29 18:39:48,133 - INFO - aiogram.event - Update id=958074540 is handled. Duration 125 ms by bot id=8119396922
2025-04-29 18:39:50,552 - INFO - aiogram.event - Update id=958074541 is handled. Duration 125 ms by bot id=8119396922
2025-04-29 18:39:52,668 - INFO - aiogram.event - Update id=958074542 is handled. Duration 125 ms by bot id=8119396922
2025-04-29 18:39:53,754 - INFO - aiogram.event - Update id=958074543 is handled. Duration 156 ms by bot id=8119396922
2025-04-29 18:39:54,277 - INFO - aiogram.event - Update id=958074544 is handled. Duration 139 ms by bot id=8119396922
2025-04-29 18:39:57,095 - INFO - aiogram.event - Update id=958074545 is handled. Duration 125 ms by bot id=8119396922
2025-04-29 18:39:57,712 - INFO - aiogram.event - Update id=958074546 is handled. Duration 140 ms by bot id=8119396922
2025-04-29 18:39:59,044 - INFO - aiogram.event - Update id=958074547 is handled. Duration 109 ms by bot id=8119396922
2025-04-29 18:40:00,299 - INFO - aiogram.event - Update id=958074548 is handled. Duration 140 ms by bot id=8119396922
2025-04-29 18:40:02,470 - INFO - aiogram.event - Update id=958074549 is handled. Duration 125 ms by bot id=8119396922
2025-04-29 18:40:03,995 - INFO - aiogram.event - Update id=958074550 is handled. Duration 108 ms by bot id=8119396922
2025-04-29 18:40:05,631 - INFO - aiogram.event - Update id=958074551 is handled. Duration 328 ms by bot id=8119396922
2025-04-29 18:40:10,400 - INFO - aiogram.event - Update id=958074552 is handled. Duration 389 ms by bot id=8119396922
2025-04-29 18:40:14,364 - INFO - aiogram.event - Update id=958074553 is handled. Duration 187 ms by bot id=8119396922
2025-04-29 18:40:53,402 - INFO - aiogram.event - Update id=958074554 is handled. Duration 140 ms by bot id=8119396922
2025-04-29 18:41:03,143 - INFO - aiogram.dispatcher - Polling stopped
2025-04-29 18:41:03,355 - ERROR - aiogram.dispatcher - Failed to fetch updates - TelegramNetworkError: HTTP Client says - ClientOSError: [Errno 1] [SSL: APPLICATION_DATA_AFTER_CLOSE_NOTIFY] application data after close notify (_ssl.c:2685)
2025-04-29 18:41:03,355 - WARNING - aiogram.dispatcher - Sleep for 1.000000 seconds and try again... (tryings = 0, bot id = 8119396922)
2025-04-29 18:41:03,407 - INFO - aiogram.dispatcher - Polling stopped for bot @IbratMasterclassBot id=8119396922 - 'Ibrat MasterClass'
2025-04-29 18:41:09,758 - INFO - aiogram.dispatcher - Start polling
2025-04-29 18:41:10,115 - INFO - aiogram.dispatcher - Run polling for bot @IbratMasterclassBot id=8119396922 - 'Ibrat MasterClass'
2025-04-29 18:41:15,283 - INFO - aiogram.event - Update id=958074555 is handled. Duration 421 ms by bot id=8119396922
2025-04-29 18:41:17,642 - INFO - aiogram.event - Update id=958074556 is handled. Duration 109 ms by bot id=8119396922
2025-04-29 18:41:18,881 - INFO - aiogram.event - Update id=958074557 is handled. Duration 125 ms by bot id=8119396922
2025-04-29 18:41:20,536 - INFO - aiogram.event - Update id=958074558 is handled. Duration 140 ms by bot id=8119396922
2025-04-29 18:41:22,293 - INFO - aiogram.event - Update id=958074559 is handled. Duration 125 ms by bot id=8119396922
2025-04-29 18:41:23,924 - INFO - aiogram.event - Update id=958074560 is handled. Duration 281 ms by bot id=8119396922
2025-04-29 18:41:25,249 - INFO - aiogram.event - Update id=958074561 is handled. Duration 359 ms by bot id=8119396922
2025-04-29 18:42:09,746 - INFO - aiogram.dispatcher - Polling stopped
2025-04-29 18:42:10,001 - INFO - aiogram.dispatcher - Polling stopped for bot @IbratMasterclassBot id=8119396922 - 'Ibrat MasterClass'
2025-04-29 18:43:41,841 - INFO - aiogram.dispatcher - Start polling
2025-04-29 18:43:42,175 - INFO - aiogram.dispatcher - Run polling for bot @IbratMasterclassBot id=8119396922 - 'Ibrat MasterClass'
2025-04-29 18:43:49,020 - INFO - aiogram.event - Update id=958074562 is handled. Duration 359 ms by bot id=8119396922
2025-04-29 18:43:50,407 - INFO - aiogram.event - Update id=958074563 is handled. Duration 140 ms by bot id=8119396922
2025-04-29 18:43:57,211 - INFO - aiogram.dispatcher - Polling stopped
2025-04-29 18:43:57,467 - INFO - aiogram.dispatcher - Polling stopped for bot @IbratMasterclassBot id=8119396922 - 'Ibrat MasterClass'
2025-04-29 18:46:43,099 - INFO - aiogram.dispatcher - Start polling
2025-04-29 18:46:43,446 - INFO - aiogram.dispatcher - Run polling for bot @IbratMasterclassBot id=8119396922 - 'Ibrat MasterClass'
2025-04-29 18:46:43,934 - INFO - aiogram.event - Update id=958074564 is handled. Duration 360 ms by bot id=8119396922
2025-04-29 18:46:47,766 - INFO - aiogram.event - Update id=958074565 is handled. Duration 125 ms by bot id=8119396922
2025-04-29 18:46:49,410 - INFO - aiogram.event - Update id=958074566 is handled. Duration 234 ms by bot id=8119396922
2025-04-29 18:46:54,690 - INFO - aiogram.event - Update id=958074567 is handled. Duration 250 ms by bot id=8119396922
2025-04-29 18:46:57,161 - INFO - aiogram.event - Update id=958074568 is handled. Duration 156 ms by bot id=8119396922
2025-04-29 18:47:08,194 - INFO - aiogram.event - Update id=958074569 is handled. Duration 155 ms by bot id=8119396922
2025-04-29 18:47:09,364 - INFO - aiogram.event - Update id=958074570 is handled. Duration 125 ms by bot id=8119396922
2025-04-29 18:47:10,993 - INFO - aiogram.event - Update id=958074571 is handled. Duration 389 ms by bot id=8119396922
2025-04-29 18:47:18,885 - INFO - aiogram.dispatcher - Polling stopped
2025-04-29 18:47:19,138 - INFO - aiogram.dispatcher - Polling stopped for bot @IbratMasterclassBot id=8119396922 - 'Ibrat MasterClass'
2025-04-29 18:47:22,472 - INFO - aiogram.dispatcher - Start polling
2025-04-29 18:47:22,811 - INFO - aiogram.dispatcher - Run polling for bot @IbratMasterclassBot id=8119396922 - 'Ibrat MasterClass'
2025-04-29 18:47:28,541 - INFO - aiogram.event - Update id=958074572 is handled. Duration 390 ms by bot id=8119396922
2025-04-29 18:47:29,788 - INFO - aiogram.event - Update id=958074573 is handled. Duration 234 ms by bot id=8119396922
2025-04-29 18:47:32,475 - INFO - aiogram.event - Update id=958074574 is handled. Duration 203 ms by bot id=8119396922
2025-04-29 18:47:33,863 - INFO - aiogram.event - Update id=958074575 is handled. Duration 139 ms by bot id=8119396922
2025-04-29 18:47:35,238 - INFO - aiogram.event - Update id=958074576 is handled. Duration 187 ms by bot id=8119396922
2025-04-29 18:47:39,420 - INFO - aiogram.event - Update id=958074577 is handled. Duration 250 ms by bot id=8119396922
2025-04-29 18:47:41,082 - INFO - aiogram.event - Update id=958074578 is handled. Duration 359 ms by bot id=8119396922
2025-04-29 18:47:52,439 - INFO - aiogram.dispatcher - Polling stopped
2025-04-29 18:47:52,709 - INFO - aiogram.dispatcher - Polling stopped for bot @IbratMasterclassBot id=8119396922 - 'Ibrat MasterClass'
2025-04-29 18:49:55,250 - INFO - aiogram.dispatcher - Start polling
2025-04-29 18:49:55,573 - INFO - aiogram.dispatcher - Run polling for bot @IbratMasterclassBot id=8119396922 - 'Ibrat MasterClass'
2025-04-29 18:49:55,705 - INFO - aiogram.event - Update id=958074579 is not handled. Duration 0 ms by bot id=8119396922
2025-04-29 18:50:06,444 - INFO - aiogram.event - Update id=958074580 is handled. Duration 359 ms by bot id=8119396922
2025-04-29 18:50:07,711 - INFO - aiogram.event - Update id=958074581 is handled. Duration 125 ms by bot id=8119396922
2025-04-29 18:50:08,931 - INFO - aiogram.event - Update id=958074582 is handled. Duration 125 ms by bot id=8119396922
2025-04-29 18:50:10,647 - INFO - aiogram.event - Update id=958074583 is handled. Duration 125 ms by bot id=8119396922
2025-04-29 18:50:11,649 - INFO - aiogram.event - Update id=958074584 is handled. Duration 140 ms by bot id=8119396922
2025-04-29 18:50:12,955 - INFO - aiogram.event - Update id=958074585 is handled. Duration 140 ms by bot id=8119396922
2025-04-29 18:50:14,622 - INFO - aiogram.event - Update id=958074586 is handled. Duration 359 ms by bot id=8119396922
2025-04-29 18:52:22,151 - INFO - aiogram.event - Update id=958074587 is handled. Duration 125 ms by bot id=8119396922
2025-04-29 18:52:23,588 - INFO - aiogram.event - Update id=958074588 is handled. Duration 187 ms by bot id=8119396922
2025-04-29 18:52:29,418 - INFO - aiogram.event - Update id=958074589 is handled. Duration 218 ms by bot id=8119396922
2025-04-29 18:52:32,296 - INFO - aiogram.event - Update id=958074590 is handled. Duration 218 ms by bot id=8119396922
2025-04-29 18:52:34,858 - INFO - aiogram.event - Update id=958074591 is handled. Duration 109 ms by bot id=8119396922
2025-04-29 18:52:36,467 - INFO - aiogram.event - Update id=958074592 is handled. Duration 187 ms by bot id=8119396922
2025-04-29 18:52:42,104 - INFO - aiogram.event - Update id=958074593 is handled. Duration 469 ms by bot id=8119396922
2025-04-29 18:53:37,231 - INFO - aiogram.dispatcher - Polling stopped
2025-04-29 18:53:37,484 - INFO - aiogram.dispatcher - Polling stopped for bot @IbratMasterclassBot id=8119396922 - 'Ibrat MasterClass'
2025-04-29 18:53:40,746 - INFO - aiogram.dispatcher - Start polling
2025-04-29 18:53:41,058 - INFO - aiogram.dispatcher - Run polling for bot @IbratMasterclassBot id=8119396922 - 'Ibrat MasterClass'
2025-04-29 18:53:49,617 - INFO - aiogram.event - Update id=958074594 is handled. Duration 328 ms by bot id=8119396922
2025-04-29 18:54:17,371 - INFO - aiogram.dispatcher - Polling stopped
2025-04-29 18:54:17,624 - INFO - aiogram.dispatcher - Polling stopped for bot @IbratMasterclassBot id=8119396922 - 'Ibrat MasterClass'
2025-04-29 18:54:20,988 - INFO - aiogram.dispatcher - Start polling
2025-04-29 18:54:21,334 - INFO - aiogram.dispatcher - Run polling for bot @IbratMasterclassBot id=8119396922 - 'Ibrat MasterClass'
2025-04-29 18:54:23,141 - INFO - aiogram.event - Update id=958074595 is handled. Duration 359 ms by bot id=8119396922
2025-04-29 18:54:24,634 - INFO - aiogram.event - Update id=958074596 is handled. Duration 125 ms by bot id=8119396922
2025-04-29 18:54:29,401 - INFO - aiogram.event - Update id=958074597 is handled. Duration 140 ms by bot id=8119396922
2025-04-29 18:54:31,504 - INFO - aiogram.event - Update id=958074598 is handled. Duration 140 ms by bot id=8119396922
2025-04-29 18:54:33,741 - INFO - aiogram.event - Update id=958074599 is handled. Duration 140 ms by bot id=8119396922
2025-04-29 18:54:35,324 - INFO - aiogram.event - Update id=958074600 is handled. Duration 156 ms by bot id=8119396922
2025-04-29 18:54:36,900 - INFO - aiogram.event - Update id=958074601 is handled. Duration 515 ms by bot id=8119396922
2025-04-29 18:55:19,984 - INFO - aiogram.event - Update id=958074602 is handled. Duration 125 ms by bot id=8119396922
2025-04-29 18:55:21,500 - INFO - aiogram.event - Update id=958074603 is handled. Duration 156 ms by bot id=8119396922
2025-04-29 18:55:23,606 - INFO - aiogram.event - Update id=958074604 is handled. Duration 125 ms by bot id=8119396922
2025-04-29 18:55:25,938 - INFO - aiogram.event - Update id=958074605 is handled. Duration 187 ms by bot id=8119396922
2025-04-29 18:55:29,006 - INFO - aiogram.event - Update id=958074606 is handled. Duration 172 ms by bot id=8119396922
2025-04-29 18:55:30,800 - INFO - aiogram.event - Update id=958074607 is handled. Duration 156 ms by bot id=8119396922
2025-04-29 18:55:32,202 - INFO - aiogram.event - Update id=958074608 is handled. Duration 406 ms by bot id=8119396922
2025-04-29 18:58:19,533 - INFO - aiogram.dispatcher - Polling stopped
2025-04-29 18:58:19,804 - INFO - aiogram.dispatcher - Polling stopped for bot @IbratMasterclassBot id=8119396922 - 'Ibrat MasterClass'
